<?xml version="1.0" encoding="UTF-8"?>
<!-- Generated by org.testng.reporters.JUnitXMLReporter -->
<testsuite ignored="0" hostname="shamanth" failures="1" tests="6" name="all" time="74.108" errors="0" timestamp="2025-09-11T23:23:10 IST">
  <testcase classname="com.framework.tests.LoginTest" name="validLoginTest" time="2.096"/>
  <testcase classname="com.framework.tests.LoginTest" name="invalidLoginTest" time="12.062">
    <failure type="java.lang.AssertionError" message="Login failed - Title mismatch expected [true] but found [false]">
      <![CDATA[java.lang.AssertionError: Login failed - Title mismatch expected [true] but found [false]
at com.framework.tests.LoginTest.invalidLoginTest(LoginTest.java:34)
at java.base/java.util.ArrayList.forEach(ArrayList.java:1541)
... Removed 30 stack frames]]>
    </failure>
  </testcase> <!-- invalidLoginTest -->
  <testcase classname="com.framework.tests.EndToEndTest" name="endToEndFlow" time="4.498"/>
  <testcase classname="com.framework.tests.OpenNewAccountTest" name="testOpenNewAccount" time="2.817"/>
  <testcase classname="com.framework.tests.TransferFundsTest" name="testTransferFundsFunctionality" time="2.467"/>
  <testcase classname="com.framework.tests.LogoutTest" name="verifyLogout" time="2.069"/>
</testsuite> <!-- all -->
