<?xml version="1.0" encoding="UTF-8"?>
<!-- Generated by org.testng.reporters.JUnitXMLReporter -->
<testsuite ignored="0" hostname="shamanth" failures="1" tests="6" name="AllTests" time="58.218" errors="0" timestamp="2026-01-22T22:24:25 IST">
  <testcase classname="com.framework.tests.LoginTest" name="validLoginTest" time="4.364"/>
  <testcase classname="com.framework.tests.LoginTest" name="invalidLoginTest" time="11.151">
    <failure type="java.lang.AssertionError" message="Login failed - Title mismatch expected [true] but found [false]">
      <![CDATA[java.lang.AssertionError: Login failed - Title mismatch expected [true] but found [false]
at com.framework.tests.LoginTest.invalidLoginTest(LoginTest.java:34)
at java.base/java.util.ArrayList.forEach(ArrayList.java:1511)
... Removed 30 stack frames]]>
    </failure>
  </testcase> <!-- invalidLoginTest -->
  <testcase classname="com.framework.tests.EndToEndTest" name="endToEndFlow" time="4.58"/>
  <testcase classname="com.framework.tests.OpenNewAccountTest" name="testOpenNewAccount" time="2.954"/>
  <testcase classname="com.framework.tests.TransferFundsTest" name="testTransferFundsFunctionality" time="2.362"/>
  <testcase classname="com.framework.tests.LogoutTest" name="verifyLogout" time="1.96"/>
</testsuite> <!-- AllTests -->
