<?xml version="1.0" encoding="UTF-8"?>
<!-- Generated by org.testng.reporters.JUnitXMLReporter -->
<testsuite ignored="0" hostname="shamanth" failures="0" tests="6" name="AllTests" time="54.369" errors="0" timestamp="2026-01-28T19:17:31 IST">
  <testcase classname="com.framework.tests.LoginTest" name="validLoginTest" time="3.672"/>
  <testcase classname="com.framework.tests.LoginTest" name="invalidLoginTest" time="11.129"/>
  <testcase classname="com.framework.tests.EndToEndTest" name="endToEndFlow" time="4.086"/>
  <testcase classname="com.framework.tests.OpenNewAccountTest" name="testOpenNewAccount" time="2.867"/>
  <testcase classname="com.framework.tests.TransferFundsTest" name="testTransferFundsFunctionality" time="2.353"/>
  <testcase classname="com.framework.tests.LogoutTest" name="verifyLogout" time="1.974"/>
</testsuite> <!-- AllTests -->
