<?xml version="1.0" encoding="UTF-8"?>
<!-- Generated by org.testng.reporters.JUnitXMLReporter -->
<testsuite ignored="0" hostname="shamanth" failures="0" tests="6" name="regression" time="47.461" errors="0" timestamp="2026-01-22T22:49:18 IST">
  <testcase classname="com.framework.tests.LoginTest" name="validLoginTest" time="1.413"/>
  <testcase classname="com.framework.tests.LoginTest" name="invalidLoginTest" time="11.133"/>
  <testcase classname="com.framework.tests.EndToEndTest" name="endToEndFlow" time="4.633"/>
  <testcase classname="com.framework.tests.OpenNewAccountTest" name="testOpenNewAccount" time="3.004"/>
  <testcase classname="com.framework.tests.TransferFundsTest" name="testTransferFundsFunctionality" time="2.454"/>
  <testcase classname="com.framework.tests.LogoutTest" name="verifyLogout" time="2.087"/>
</testsuite> <!-- regression -->
