<?xml version="1.0" encoding="UTF-8"?>
<!-- Generated by org.testng.reporters.JUnitXMLReporter -->
<testsuite ignored="0" hostname="shamanth" failures="4" tests="6" name="regression" time="77.861" errors="0" timestamp="2026-01-22T22:08:31 IST">
  <testcase classname="com.framework.tests.LoginTest" name="validLoginTest" time="2.084"/>
  <testcase classname="com.framework.tests.LoginTest" name="invalidLoginTest" time="11.117">
    <failure type="java.lang.AssertionError" message="Login failed - Title mismatch expected [true] but found [false]">
      <![CDATA[java.lang.AssertionError: Login failed - Title mismatch expected [true] but found [false]
at com.framework.tests.LoginTest.invalidLoginTest(LoginTest.java:34)
at java.base/java.util.ArrayList.forEach(ArrayList.java:1511)
... Removed 30 stack frames]]>
    </failure>
  </testcase> <!-- invalidLoginTest -->
  <testcase classname="com.framework.tests.EndToEndTest" name="endToEndFlow" time="12.654">
    <failure type="org.openqa.selenium.NoSuchElementException" message="Cannot locate option with value: 13566
For documentation on this error, please visit: https://www.selenium.dev/documentation/webdriver/troubleshooting/errors#no-such-element-exception
Build info: version: &amp;apos;4.21.0&amp;apos;, revision: &amp;apos;79ed462ef4&amp;apos;
System info: os.name: &amp;apos;Windows 11&amp;apos;, os.arch: &amp;apos;amd64&amp;apos;, os.version: &amp;apos;10.0&amp;apos;, java.version: &amp;apos;17.0.8&amp;apos;
Driver info: driver.version: unknown">
      <![CDATA[org.openqa.selenium.NoSuchElementException: Cannot locate option with value: 13566
For documentation on this error, please visit: https://www.selenium.dev/documentation/webdriver/troubleshooting/errors#no-such-element-exception
Build info: version: '4.21.0', revision: '79ed462ef4'
System info: os.name: 'Windows 11', os.arch: 'amd64', os.version: '10.0', java.version: '17.0.8'
Driver info: driver.version: unknown
at org.openqa.selenium.support.ui.Select.findOptionsByValue(Select.java:289)
at org.openqa.selenium.support.ui.Select.selectByValue(Select.java:194)
at com.framework.pages.OpenNewAccountPage.openNewAccount(OpenNewAccountPage.java:36)
at com.framework.tests.EndToEndTest.endToEndFlow(EndToEndTest.java:24)
at java.base/java.util.ArrayList.forEach(ArrayList.java:1511)
... Removed 27 stack frames]]>
    </failure>
  </testcase> <!-- endToEndFlow -->
  <testcase classname="com.framework.tests.OpenNewAccountTest" name="testOpenNewAccount" time="12.235">
    <failure type="org.openqa.selenium.NoSuchElementException" message="Cannot locate option with value: 13566
For documentation on this error, please visit: https://www.selenium.dev/documentation/webdriver/troubleshooting/errors#no-such-element-exception
Build info: version: &amp;apos;4.21.0&amp;apos;, revision: &amp;apos;79ed462ef4&amp;apos;
System info: os.name: &amp;apos;Windows 11&amp;apos;, os.arch: &amp;apos;amd64&amp;apos;, os.version: &amp;apos;10.0&amp;apos;, java.version: &amp;apos;17.0.8&amp;apos;
Driver info: driver.version: unknown">
      <![CDATA[org.openqa.selenium.NoSuchElementException: Cannot locate option with value: 13566
For documentation on this error, please visit: https://www.selenium.dev/documentation/webdriver/troubleshooting/errors#no-such-element-exception
Build info: version: '4.21.0', revision: '79ed462ef4'
System info: os.name: 'Windows 11', os.arch: 'amd64', os.version: '10.0', java.version: '17.0.8'
Driver info: driver.version: unknown
at org.openqa.selenium.support.ui.Select.findOptionsByValue(Select.java:289)
at org.openqa.selenium.support.ui.Select.selectByValue(Select.java:194)
at com.framework.pages.OpenNewAccountPage.openNewAccount(OpenNewAccountPage.java:36)
at com.framework.tests.OpenNewAccountTest.testOpenNewAccount(OpenNewAccountTest.java:22)
at java.base/java.util.ArrayList.forEach(ArrayList.java:1511)
... Removed 27 stack frames]]>
    </failure>
  </testcase> <!-- testOpenNewAccount -->
  <testcase classname="com.framework.tests.TransferFundsTest" name="testTransferFundsFunctionality" time="12.32">
    <failure type="org.openqa.selenium.NoSuchElementException" message="Cannot locate option with value: 13566
For documentation on this error, please visit: https://www.selenium.dev/documentation/webdriver/troubleshooting/errors#no-such-element-exception
Build info: version: &amp;apos;4.21.0&amp;apos;, revision: &amp;apos;79ed462ef4&amp;apos;
System info: os.name: &amp;apos;Windows 11&amp;apos;, os.arch: &amp;apos;amd64&amp;apos;, os.version: &amp;apos;10.0&amp;apos;, java.version: &amp;apos;17.0.8&amp;apos;
Driver info: driver.version: unknown">
      <![CDATA[org.openqa.selenium.NoSuchElementException: Cannot locate option with value: 13566
For documentation on this error, please visit: https://www.selenium.dev/documentation/webdriver/troubleshooting/errors#no-such-element-exception
Build info: version: '4.21.0', revision: '79ed462ef4'
System info: os.name: 'Windows 11', os.arch: 'amd64', os.version: '10.0', java.version: '17.0.8'
Driver info: driver.version: unknown
at org.openqa.selenium.support.ui.Select.findOptionsByValue(Select.java:289)
at org.openqa.selenium.support.ui.Select.selectByValue(Select.java:194)
at com.framework.pages.TransferFundsPage.transferFunds(TransferFundsPage.java:37)
at com.framework.tests.TransferFundsTest.testTransferFundsFunctionality(TransferFundsTest.java:22)
at java.base/java.util.ArrayList.forEach(ArrayList.java:1511)
... Removed 27 stack frames]]>
    </failure>
  </testcase> <!-- testTransferFundsFunctionality -->
  <testcase classname="com.framework.tests.LogoutTest" name="verifyLogout" time="4.156"/>
</testsuite> <!-- regression -->
