<?xml version="1.0" encoding="UTF-8"?>
<!-- Generated by org.testng.reporters.JUnitXMLReporter -->
<testsuite ignored="0" hostname="shamanth" failures="0" tests="3" name="smoke" time="34.559" errors="0" timestamp="2026-01-22T22:48:30 IST">
  <testcase classname="com.framework.tests.LoginTest" name="validLoginTest" time="3.952"/>
  <testcase classname="com.framework.tests.LoginTest" name="invalidLoginTest" time="11.265"/>
  <testcase classname="com.framework.tests.OpenNewAccountTest" name="testOpenNewAccount" time="2.948"/>
</testsuite> <!-- smoke -->
