<?xml version="1.0" encoding="UTF-8"?>
<!-- Generated by org.testng.reporters.JUnitXMLReporter -->
<testsuite ignored="0" hostname="shamanth" failures="2" tests="2" name="RegressionTests" time="0.164" errors="0" timestamp="2025-09-10T22:23:51 IST">
  <testcase classname="com.framework.tests.OpenNewAccountTest" name="testOpenNewAccount" time="0.069">
    <failure type="java.lang.NullPointerException">
      <![CDATA[java.lang.NullPointerException
at com.framework.pages.LoginPage.loginAs(LoginPage.java:33)
at com.framework.tests.OpenNewAccountTest.testOpenNewAccount(OpenNewAccountTest.java:19)
at java.base/java.util.ArrayList.forEach(ArrayList.java:1541)
... Removed 27 stack frames]]>
    </failure>
  </testcase> <!-- testOpenNewAccount -->
  <testcase classname="com.framework.tests.TransferFundsTest" name="testTransferFundsFunctionality" time="0.078">
    <failure type="java.lang.NullPointerException">
      <![CDATA[java.lang.NullPointerException
at com.framework.pages.LoginPage.loginAs(LoginPage.java:33)
at com.framework.tests.TransferFundsTest.testTransferFundsFunctionality(TransferFundsTest.java:19)
at java.base/java.util.ArrayList.forEach(ArrayList.java:1541)
... Removed 27 stack frames]]>
    </failure>
  </testcase> <!-- testTransferFundsFunctionality -->
</testsuite> <!-- RegressionTests -->
