<?xml version="1.0" encoding="UTF-8"?>
<!-- Generated by org.testng.reporters.JUnitXMLReporter -->
<testsuite ignored="0" hostname="shamanth" failures="3" tests="3" name="SmokeTests" time="2.285" errors="0" timestamp="2025-09-10T22:23:51 IST">
  <testcase classname="com.framework.tests.LoginTest" name="validLoginTest" time="2.01">
    <failure type="java.lang.NullPointerException">
      <![CDATA[java.lang.NullPointerException
at com.framework.pages.LoginPage.loginAs(LoginPage.java:33)
at com.framework.tests.LoginTest.validLoginTest(LoginTest.java:20)
at java.base/java.util.ArrayList.forEach(ArrayList.java:1541)
... Removed 27 stack frames]]>
    </failure>
  </testcase> <!-- validLoginTest -->
  <testcase classname="com.framework.tests.LoginTest" name="invalidLoginTest" time="0.089">
    <failure type="java.lang.NullPointerException">
      <![CDATA[java.lang.NullPointerException
at com.framework.pages.LoginPage.loginAs(LoginPage.java:33)
at com.framework.tests.LoginTest.invalidLoginTest(LoginTest.java:32)
at java.base/java.util.ArrayList.forEach(ArrayList.java:1541)
... Removed 27 stack frames]]>
    </failure>
  </testcase> <!-- invalidLoginTest -->
  <testcase classname="com.framework.tests.LogoutTest" name="verifyLogout" time="0.084">
    <failure type="java.lang.NullPointerException">
      <![CDATA[java.lang.NullPointerException
at com.framework.pages.LoginPage.loginAs(LoginPage.java:33)
at com.framework.tests.LogoutTest.verifyLogout(LogoutTest.java:20)
at java.base/java.util.ArrayList.forEach(ArrayList.java:1541)
... Removed 27 stack frames]]>
    </failure>
  </testcase> <!-- verifyLogout -->
</testsuite> <!-- SmokeTests -->
