<?xml version="1.0" encoding="UTF-8"?>
<testng-results ignored="0" total="2" passed="2" failed="0" skipped="0">
  <reporter-output>
  </reporter-output>
  <suite started-at="2026-01-22T22:40:31 IST" name="Default suite" finished-at="2026-01-22T22:41:47 IST" duration-ms="75884">
    <groups>
      <group name="smoke">
        <method signature="LoginTest.validLoginTest()[pri:1, instance:com.framework.tests.LoginTest@1fdfafd2]" name="validLoginTest" class="com.framework.tests.LoginTest"/>
        <method signature="LoginTest.invalidLoginTest()[pri:2, instance:com.framework.tests.LoginTest@1fdfafd2]" name="invalidLoginTest" class="com.framework.tests.LoginTest"/>
      </group> <!-- smoke -->
    </groups>
    <test started-at="2026-01-22T22:40:31 IST" name="Default test" finished-at="2026-01-22T22:41:47 IST" duration-ms="75884">
      <class name="com.framework.tests.LoginTest">
        <test-method is-config="true" signature="setup()[pri:0, instance:com.framework.tests.LoginTest@1fdfafd2]" started-at="2026-01-22T22:40:31 IST" name="setup" finished-at="2026-01-22T22:40:40 IST" duration-ms="8890" status="PASS">
          <reporter-output>
          </reporter-output>
        </test-method> <!-- setup -->
        <test-method signature="validLoginTest()[pri:1, instance:com.framework.tests.LoginTest@1fdfafd2]" started-at="2026-01-22T22:40:40 IST" name="validLoginTest" finished-at="2026-01-22T22:40:56 IST" duration-ms="15998" status="PASS">
          <reporter-output>
          </reporter-output>
        </test-method> <!-- validLoginTest -->
        <test-method is-config="true" signature="teardown()[pri:0, instance:com.framework.tests.LoginTest@1fdfafd2]" started-at="2026-01-22T22:40:56 IST" name="teardown" finished-at="2026-01-22T22:40:56 IST" duration-ms="753" status="PASS">
          <reporter-output>
          </reporter-output>
        </test-method> <!-- teardown -->
        <test-method is-config="true" signature="setup()[pri:0, instance:com.framework.tests.LoginTest@1fdfafd2]" started-at="2026-01-22T22:40:56 IST" name="setup" finished-at="2026-01-22T22:41:33 IST" duration-ms="36416" status="PASS">
          <reporter-output>
          </reporter-output>
        </test-method> <!-- setup -->
        <test-method signature="invalidLoginTest()[pri:2, instance:com.framework.tests.LoginTest@1fdfafd2]" started-at="2026-01-22T22:41:33 IST" name="invalidLoginTest" finished-at="2026-01-22T22:41:45 IST" duration-ms="11627" status="PASS">
          <reporter-output>
          </reporter-output>
        </test-method> <!-- invalidLoginTest -->
        <test-method is-config="true" signature="teardown()[pri:0, instance:com.framework.tests.LoginTest@1fdfafd2]" started-at="2026-01-22T22:41:45 IST" name="teardown" finished-at="2026-01-22T22:41:47 IST" duration-ms="2054" status="PASS">
          <reporter-output>
          </reporter-output>
        </test-method> <!-- teardown -->
      </class> <!-- com.framework.tests.LoginTest -->
    </test> <!-- Default test -->
  </suite> <!-- Default suite -->
</testng-results>
