<?xml version="1.0" encoding="UTF-8"?>
<!-- Generated by org.testng.reporters.JUnitReportReporter -->
<testsuite hostname="shamanth" failures="0" tests="2" name="com.framework.tests.LoginTest" time="75.738" errors="0" timestamp="2026-01-22T22:41:47 IST" skipped="0">
  <testcase classname="com.framework.tests.LoginTest" name="validLoginTest" time="26.942"/>
  <testcase classname="com.framework.tests.LoginTest" name="invalidLoginTest" time="48.796"/>
</testsuite> <!-- com.framework.tests.LoginTest -->
