<?xml version="1.0" encoding="UTF-8"?>
<!-- Generated by org.testng.reporters.JUnitReportReporter -->
<testsuite hostname="shamanth" failures="0" tests="2" name="com.framework.tests.LoginTest" time="24.523" errors="0" timestamp="2026-01-28T19:17:32 IST" skipped="0">
  <testcase classname="com.framework.tests.LoginTest" name="validLoginTest" time="7.298"/>
  <testcase classname="com.framework.tests.LoginTest" name="invalidLoginTest" time="17.225"/>
</testsuite> <!-- com.framework.tests.LoginTest -->
